<?xml version="1.0" encoding="UTF-8"?>
<!-- Generated by org.testng.reporters.JUnitReportReporter -->
<testsuite skipped="0" hostname="DESKTOP-OCOB1N9" name="smokeTest.Test_01Post" tests="1" failures="0" timestamp="2021-01-16T20:03:11 IST" time="2.118" errors="0">
  <testcase name="TestPost" time="2.118" classname="smokeTest.Test_01Post"/>
  <system-out/>
</testsuite> <!-- smokeTest.Test_01Post -->
