<?xml version="1.0" encoding="UTF-8"?>
<!-- Generated by org.testng.reporters.JUnitReportReporter -->
<testsuite skipped="0" hostname="DESKTOP-OCOB1N9" name="smokeTest.Test_01Get" tests="1" failures="0" timestamp="2021-01-24T20:56:40 IST" time="3.791" errors="0">
  <testcase name="getTest2" time="3.791" classname="smokeTest.Test_01Get"/>
  <system-out/>
</testsuite> <!-- smokeTest.Test_01Get -->
