<?xml version="1.0" encoding="UTF-8"?>
<!-- Generated by org.testng.reporters.JUnitReportReporter -->
<testsuite skipped="0" hostname="DESKTOP-OCOB1N9" name="sdet.BDDApproach.Test_01_Put" tests="1" failures="0" timestamp="2021-01-23T15:16:16 IST" time="3.747" errors="0">
  <testcase name="testPost" time="3.747" classname="sdet.BDDApproach.Test_01_Put"/>
  <system-out/>
</testsuite> <!-- sdet.BDDApproach.Test_01_Put -->
