<?xml version="1.0" encoding="UTF-8"?>
<!-- Generated by org.testng.reporters.JUnitReportReporter -->
<testsuite skipped="0" hostname="DESKTOP-OCOB1N9" name="sdet.BDDApproach.Test_01_Post" tests="2" failures="0" timestamp="2021-01-23T14:54:28 IST" time="4.538" errors="0">
  <testcase name="testPost" time="0.719" classname="sdet.BDDApproach.Test_01_Post"/>
  <system-out/>
  <testcase name="errorMsgPost" time="3.819" classname="sdet.BDDApproach.Test_01_Post"/>
  <system-out/>
</testsuite> <!-- sdet.BDDApproach.Test_01_Post -->
