<?xml version="1.0" encoding="UTF-8"?>
<!-- Generated by org.testng.reporters.JUnitReportReporter -->
<testsuite skipped="0" hostname="DESKTOP-OCOB1N9" name="sdet.BDDApproach.Test_01_Delete" tests="1" failures="0" timestamp="2021-01-23T18:58:59 IST" time="3.157" errors="0">
  <testcase name="testDelete" time="3.157" classname="sdet.BDDApproach.Test_01_Delete"/>
  <system-out/>
</testsuite> <!-- sdet.BDDApproach.Test_01_Delete -->
