<?xml version="1.0" encoding="UTF-8"?>
<!-- Generated by org.testng.reporters.JUnitReportReporter -->
<testsuite skipped="0" hostname="DESKTOP-OCOB1N9" name="sdet.BDDApproach.Test_01_Get" tests="1" failures="0" timestamp="2021-01-23T12:28:34 IST" time="2.967" errors="0">
  <testcase name="get_01" time="2.967" classname="sdet.BDDApproach.Test_01_Get"/>
  <system-out/>
</testsuite> <!-- sdet.BDDApproach.Test_01_Get -->
